This is pdfTeX, Version 3.1415926-2.5-1.40.14 (TeX Live 2013/Debian) (format=pdflatex 2016.2.12)  23 FEB 2016 18:41
entering extended mode
 restricted \write18 enabled.
 %&-line parsing enabled.
**"literature review"
(./literature review.tex
LaTeX2e <2011/06/27>
Babel <3.9h> and hyphenation patterns for 2 languages loaded.
(/usr/share/texlive/texmf-dist/tex/latex/base/article.cls
Document Class: article 2007/10/19 v1.4h Standard LaTeX document class
(/usr/share/texlive/texmf-dist/tex/latex/base/size10.clo
File: size10.clo 2007/10/19 v1.4h Standard LaTeX file (size option)
)
\c@part=\count79
\c@section=\count80
\c@subsection=\count81
\c@subsubsection=\count82
\c@paragraph=\count83
\c@subparagraph=\count84
\c@figure=\count85
\c@table=\count86
\abovecaptionskip=\skip41
\belowcaptionskip=\skip42
\bibindent=\dimen102
)
(/usr/share/texlive/texmf-dist/tex/latex/url/url.sty
\Urlmuskip=\muskip10
Package: url 2013/09/16  ver 3.4  Verb mode for urls, etc.
) (./literature review.aux)
\openout1 = `"literature review.aux"'.

LaTeX Font Info:    Checking defaults for OML/cmm/m/it on input line 4.
LaTeX Font Info:    ... okay on input line 4.
LaTeX Font Info:    Checking defaults for T1/cmr/m/n on input line 4.
LaTeX Font Info:    ... okay on input line 4.
LaTeX Font Info:    Checking defaults for OT1/cmr/m/n on input line 4.
LaTeX Font Info:    ... okay on input line 4.
LaTeX Font Info:    Checking defaults for OMS/cmsy/m/n on input line 4.
LaTeX Font Info:    ... okay on input line 4.
LaTeX Font Info:    Checking defaults for OMX/cmex/m/n on input line 4.
LaTeX Font Info:    ... okay on input line 4.
LaTeX Font Info:    Checking defaults for U/cmr/m/n on input line 4.
LaTeX Font Info:    ... okay on input line 4.
[1

{/var/lib/texmf/fonts/map/pdftex/updmap/pdftex.map}] [2] [3]
LaTeX Font Info:    External font `cmex10' loaded for size
(Font)              <7> on input line 49.
LaTeX Font Info:    External font `cmex10' loaded for size
(Font)              <5> on input line 49.
 [4] [5]
(./literature review.bbl
Missing character: There is no Ã in font cmr10!
Missing character: There is no ­ in font cmr10!
Missing character: There is no Ã in font cmr10!
Missing character: There is no ¡ in font cmr10!
Missing character: There is no Ã in font cmr10!
Missing character: There is no ­ in font cmr10!
 [6]
Underfull \hbox (badness 1184) in paragraph at lines 89--95
[]\OT1/cmr/m/n/10 Joerg Lin-de-mann, Hans-Juergen Brambs, Tilman Keck, Ker-stin
 M.
 []

Missing character: There is no Ã in font cmr10!
Missing character: There is no ¶ in font cmr10!
[7] [8]) [9] (./literature review.aux) ) 
Here is how much of TeX's memory you used:
 326 strings out of 495028
 3744 string characters out of 6181497
 55951 words of memory out of 5000000
 3610 multiletter control sequences out of 15000+600000
 5504 words of font info for 20 fonts, out of 8000000 for 9000
 14 hyphenation exceptions out of 8191
 23i,4n,19p,1960b,201s stack positions out of 5000i,500n,10000p,200000b,80000s
</usr/share/texlive/texmf-dist/fonts/ty
pe1/public/amsfonts/cm/cmbx10.pfb></usr/share/texlive/texmf-dist/fonts/type1/pu
blic/amsfonts/cm/cmbx12.pfb></usr/share/texlive/texmf-dist/fonts/type1/public/a
msfonts/cm/cmr10.pfb></usr/share/texlive/texmf-dist/fonts/type1/public/amsfonts
/cm/cmti10.pfb>
Output written on "literature review.pdf" (9 pages, 94468 bytes).
PDF statistics:
 50 PDF objects out of 1000 (max. 8388607)
 34 compressed objects within 1 object stream
 0 named destinations out of 1000 (max. 500000)
 1 words of extra memory for PDF output out of 10000 (max. 10000000)

