\BOOKMARK [0][-]{chapter.1}{Introduction}{}% 1
\BOOKMARK [1][-]{section.1.1}{Background}{chapter.1}% 2
\BOOKMARK [1][-]{section.1.2}{Research questions and objectives}{chapter.1}% 3
\BOOKMARK [1][-]{section.1.3}{Research overview}{chapter.1}% 4
\BOOKMARK [1][-]{section.1.4}{Thesis outline}{chapter.1}% 5
\BOOKMARK [0][-]{chapter.2}{Literature review}{}% 6
\BOOKMARK [1][-]{section.2.1}{Nasal Cavity Anatomy}{chapter.2}% 7
\BOOKMARK [1][-]{section.2.2}{Geriatric rhinology}{chapter.2}% 8
\BOOKMARK [1][-]{section.2.3}{Experimental Methods in Rhinology}{chapter.2}% 9
\BOOKMARK [1][-]{section.2.4}{Computational Methods}{chapter.2}% 10
\BOOKMARK [1][-]{section.2.5}{Geometric Variations}{chapter.2}% 11
\BOOKMARK [1][-]{section.2.6}{Fluid dynamics}{chapter.2}% 12
\BOOKMARK [2][-]{subsection.2.6.1}{Pressure Drop}{section.2.6}% 13
\BOOKMARK [2][-]{subsection.2.6.2}{Wall Shear Stress and Velocity}{section.2.6}% 14
\BOOKMARK [2][-]{subsection.2.6.3}{Heat and vapour transfer}{section.2.6}% 15
\BOOKMARK [1][-]{section.2.7}{Demographic studies}{chapter.2}% 16
\BOOKMARK [1][-]{section.2.8}{Literature gap}{chapter.2}% 17
\BOOKMARK [0][-]{chapter.3}{Model Reconstruction and Meshing}{}% 18
\BOOKMARK [1][-]{section.3.1}{Geometry}{chapter.3}% 19
\BOOKMARK [2][-]{subsection.3.1.1}{Introduction}{section.3.1}% 20
\BOOKMARK [2][-]{subsection.3.1.2}{Non-invasive Medical Imaging}{section.3.1}% 21
\BOOKMARK [2][-]{subsection.3.1.3}{Image Segmentation}{section.3.1}% 22
\BOOKMARK [2][-]{subsection.3.1.4}{Segmentation Methods}{section.3.1}% 23
\BOOKMARK [2][-]{subsection.3.1.5}{Preparation of Model for Meshing}{section.3.1}% 24
\BOOKMARK [2][-]{subsection.3.1.6}{Summary}{section.3.1}% 25
\BOOKMARK [1][-]{section.3.2}{Meshing}{chapter.3}% 26
\BOOKMARK [2][-]{subsection.3.2.1}{Introduction}{section.3.2}% 27
\BOOKMARK [2][-]{subsection.3.2.2}{Mesh Types}{section.3.2}% 28
\BOOKMARK [2][-]{subsection.3.2.3}{Meshing algorithms}{section.3.2}% 29
\BOOKMARK [2][-]{subsection.3.2.4}{Quality}{section.3.2}% 30
\BOOKMARK [2][-]{subsection.3.2.5}{Mesh Independence}{section.3.2}% 31
\BOOKMARK [2][-]{subsection.3.2.6}{Meshing of the Nasal Cavity}{section.3.2}% 32
\BOOKMARK [0][-]{chapter.4}{CFD fundamentals}{}% 33
\BOOKMARK [1][-]{section.4.1}{Fluid Dynamics}{chapter.4}% 34
\BOOKMARK [2][-]{subsection.4.1.1}{Mass Conservation}{section.4.1}% 35
\BOOKMARK [2][-]{subsection.4.1.2}{Momentum Conservation}{section.4.1}% 36
\BOOKMARK [2][-]{subsection.4.1.3}{Energy Conservation}{section.4.1}% 37
\BOOKMARK [1][-]{section.4.2}{Humidity}{chapter.4}% 38
\BOOKMARK [1][-]{section.4.3}{Solving the Governing Equations}{chapter.4}% 39
\BOOKMARK [2][-]{subsection.4.3.1}{Discretisation}{section.4.3}% 40
\BOOKMARK [2][-]{subsection.4.3.2}{Numerical Solution}{section.4.3}% 41
\BOOKMARK [1][-]{section.4.4}{Setup and Solution of Nasal Cavity Models Used in This Thesis}{chapter.4}% 42
\BOOKMARK [0][-]{chapter.5}{Results}{}% 43
\BOOKMARK [1][-]{section.5.1}{Geometry Variations}{chapter.5}% 44
\BOOKMARK [1][-]{section.5.2}{Pressure Drop}{chapter.5}% 45
\BOOKMARK [1][-]{section.5.3}{Wall Shear Stress and velocity}{chapter.5}% 46
\BOOKMARK [1][-]{section.5.4}{Heat and Vapour Transfer}{chapter.5}% 47
\BOOKMARK [0][-]{chapter.6}{Discussion}{}% 48
\BOOKMARK [0][-]{chapter.7}{Conclusion}{}% 49
